{
  "RSpec": {
    "coverage": {
      "/Users/MacBook/Projects/oystercard/spec/barrier_spec.rb": [
        1,
        1,
        null,
        1,
        7,
        2,
        6,
        null,
        1,
        1,
        1,
        null,
        null,
        1,
        1,
        null,
        null,
        null,
        1,
        2,
        null,
        null,
        1,
        4,
        null,
        null,
        null,
        null,
        1,
        1,
        1,
        1,
        null,
        null,
        1,
        1,
        1,
        1,
        null,
        null,
        null
      ],
      "/Users/MacBook/Projects/oystercard/lib/oystercard.rb": [
        1,
        null,
        1,
        1,
        1,
        1,
        null,
        1,
        11,
        null,
        null,
        1,
        3,
        2,
        null,
        null,
        1,
        1,
        null,
        null,
        null,
        1,
        null,
        null,
        4,
        null,
        null
      ],
      "/Users/MacBook/Projects/oystercard/lib/barrier.rb": [
        null,
        null,
        1,
        null,
        1,
        null,
        1,
        7,
        null,
        null,
        1,
        5,
        4,
        null,
        null,
        1,
        3,
        3,
        null,
        null,
        null,
        null
      ],
      "/Users/MacBook/Projects/oystercard/spec/oystercard_spec.rb": [
        1,
        1,
        null,
        1,
        4,
        2,
        2,
        null,
        1,
        1,
        1,
        null,
        null,
        1,
        1,
        1,
        null,
        null,
        1,
        1,
        1,
        1,
        null,
        null,
        1,
        1,
        1,
        2,
        null,
        null,
        null,
        null,
        1,
        1,
        1,
        1,
        null,
        null,
        null,
        null,
        null
      ]
    },
    "timestamp": 1504538933
  }
}
