{
  "RSpec": {
    "coverage": {
      "/Users/MacBook/Projects/oystercard/spec/barrier_spec.rb": [
        1,
        1
      ],
      "/Users/MacBook/Projects/oystercard/lib/oystercard.rb": [
        1,
        null,
        null,
        1,
        null,
        1,
        null,
        1,
        1,
        null,
        1,
        7,
        null,
        7,
        7,
        null,
        null,
        1,
        3,
        3,
        2,
        null,
        null,
        1,
        0,
        null,
        null,
        null,
        1,
        1,
        null,
        null,
        1,
        1,
        0,
        null,
        null,
        1,
        0,
        0,
        null,
        null,
        null
      ],
      "/Users/MacBook/Projects/oystercard/lib/barrier.rb": [
        null,
        null,
        1,
        null,
        null
      ],
      "/Users/MacBook/Projects/oystercard/spec/oystercard_spec.rb": [
        1,
        1,
        null,
        1,
        1,
        3,
        2,
        6,
        null,
        1,
        1,
        1,
        null,
        null,
        1,
        1,
        1,
        null,
        null,
        1,
        1,
        1,
        1,
        null,
        null,
        1,
        1,
        1,
        2,
        null,
        null,
        null,
        1,
        1,
        1,
        0,
        null,
        null,
        1,
        1,
        0,
        null,
        null,
        null,
        null,
        null,
        null,
        null,
        1,
        1,
        1,
        null,
        null,
        1,
        1,
        0,
        null,
        null,
        1,
        2,
        null,
        null,
        1,
        2,
        null,
        null,
        null,
        1,
        1,
        1,
        0,
        null,
        null,
        1,
        1,
        0,
        0,
        null,
        null,
        1,
        1,
        0,
        0,
        null,
        null,
        null,
        null,
        null
      ]
    },
    "timestamp": 1504618775
  }
}
